Removed Pin From Net: NetName=PD11 Pin=LED3-2
Added Component: Designator=LED4(SM-LED-0805-Blue)
Add component. Clean all parameters for all variants
Added Component: Designator=LED5(SM-LED-0805-Blue)
Add component. Clean all parameters for all variants
Added Component: Designator=R4(SM-RES-0805)
Add component. Clean all parameters for all variants
Add component (AddParameter): Name = "Value"; Value = "R1/4W - 1K"; VariantName = "[No Variations]"
Added Component: Designator=R5(SM-RES-0805)
Add component. Clean all parameters for all variants
Add component (AddParameter): Name = "Value"; Value = "R1/4W - 1K"; VariantName = "[No Variations]"
Added Pin To Net: NetName=5V Pin=R4-2
Added Pin To Net: NetName=5V Pin=R5-2
Added Pin To Net: NetName=NetLED4_1 Pin=LED4-1
Added Pin To Net: NetName=NetLED4_1 Pin=R4-1
Added Net: Name=NetLED4_1
Added Pin To Net: NetName=NetLED5_1 Pin=LED5-1
Added Pin To Net: NetName=NetLED5_1 Pin=R5-1
Added Net: Name=NetLED5_1
Added Pin To Net: NetName=PD15 Pin=IC1-15
Added Pin To Net: NetName=PD15 Pin=LED5-2
Added Net: Name=PD15
Added Pin To Net: NetName=PD16 Pin=IC1-16
Added Pin To Net: NetName=PD16 Pin=LED4-2
Added Net: Name=PD16
Added Pin To Net: NetName=PD17 Pin=IC1-17
Added Pin To Net: NetName=PD17 Pin=LED3-2
Added Net: Name=PD17
Added Member To Class: ClassName=Sheet1 Member=Component LED4 LED SMD
Added Member To Class: ClassName=Sheet1 Member=Component LED5 LED SMD
Added Member To Class: ClassName=Sheet1 Member=Component R2 1k
Added Member To Class: ClassName=Sheet1 Member=Component R3 1k
Added Member To Class: ClassName=Sheet1 Member=Component R4 1k
Added Member To Class: ClassName=Sheet1 Member=Component R5 1k
